<?xml version="1.0" encoding="UTF-8"?>
<testsuite xmlns:xsi="http://www.w3.org/2001/XMLSchema-instance" xsi:noNamespaceSchemaLocation="https://maven.apache.org/surefire/maven-surefire-plugin/xsd/surefire-test-report-3.0.xsd" version="3.0" name="ca.umika.api.UmikaApiApplicationTests" time="8.57" tests="1" errors="0" skipped="0" failures="0">
  <properties>
[...]
</properties>
  <testcase name="contextLoads" classname="ca.umika.api.UmikaApiApplicationTests" time="0.343">
    <system-out><![CDATA[07:27:41.989 [main] INFO org.springframework.test.context.support.AnnotationConfigContextLoaderUtils -- Could not detect default configuration classes for test class [ca.umika.api.UmikaApiApplicationTests]: UmikaApiApplicationTests does not declare any static, non-private, non-final, nested classes annotated with @Configuration.
07:27:42.305 [main] INFO org.springframework.boot.test.context.SpringBootTestContextBootstrapper -- Found @SpringBootConfiguration ca.umika.api.UmikaApiApplication for test class ca.umika.api.UmikaApiApplicationTests

  .   ____          _            __ _ _
 /\\ / ___'_ __ _ _(_)_ __  __ _ \ \ \ \
( ( )\___ | '_ | '_| | '_ \/ _` | \ \ \ \
 \\/  ___)| |_)| | | | | || (_| |  ) ) ) )
  '  |____| .__|_| |_|_| |_\__, | / / / /
 =========|_|==============|___/=/_/_/_/

 :: Spring Boot ::                (v3.3.5)

2026-06-25T07:27:43.096-04:00  INFO 73484 --- [umika-api] [           main] ca.umika.api.UmikaApiApplicationTests    : Starting UmikaApiApplicationTests using Java 25.0.2 with PID 73484 (started by chen in /Users/chen/Library/CloudStorage/GoogleDrive-sucre19890307@gmail.com/My Drive/umikaSushi/backend/umika-api)
2026-06-25T07:27:43.097-04:00  INFO 73484 --- [umika-api] [           main] ca.umika.api.UmikaApiApplicationTests    : The following 1 profile is active: "test"
2026-06-25T07:27:44.332-04:00  INFO 73484 --- [umika-api] [           main] .s.d.r.c.RepositoryConfigurationDelegate : Bootstrapping Spring Data JPA repositories in DEFAULT mode.
2026-06-25T07:27:44.530-04:00  INFO 73484 --- [umika-api] [           main] .s.d.r.c.RepositoryConfigurationDelegate : Finished Spring Data repository scanning in 191 ms. Found 43 JPA repository interfaces.
2026-06-25T07:27:45.222-04:00  INFO 73484 --- [umika-api] [           main] o.hibernate.jpa.internal.util.LogHelper  : HHH000204: Processing PersistenceUnitInfo [name: default]
2026-06-25T07:27:45.272-04:00  INFO 73484 --- [umika-api] [           main] org.hibernate.Version                    : HHH000412: Hibernate ORM core version 6.5.3.Final
2026-06-25T07:27:45.301-04:00  INFO 73484 --- [umika-api] [           main] o.h.c.internal.RegionFactoryInitiator    : HHH000026: Second-level cache disabled
2026-06-25T07:27:45.610-04:00  INFO 73484 --- [umika-api] [           main] o.s.o.j.p.SpringPersistenceUnitInfo      : No LoadTimeWeaver setup: ignoring JPA class transformer
2026-06-25T07:27:45.637-04:00  INFO 73484 --- [umika-api] [           main] com.zaxxer.hikari.HikariDataSource       : HikariPool-1 - Starting...
2026-06-25T07:27:45.878-04:00  INFO 73484 --- [umika-api] [           main] com.zaxxer.hikari.pool.HikariPool        : HikariPool-1 - Added connection conn0: url=jdbc:h2:mem:umika-test user=SA
2026-06-25T07:27:45.880-04:00  INFO 73484 --- [umika-api] [           main] com.zaxxer.hikari.HikariDataSource       : HikariPool-1 - Start completed.
2026-06-25T07:27:47.037-04:00  INFO 73484 --- [umika-api] [           main] o.h.e.t.j.p.i.JtaPlatformInitiator       : HHH000489: No JTA platform available (set 'hibernate.transaction.jta.platform' to enable JTA platform integration)
2026-06-25T07:27:47.038-04:00  INFO 73484 --- [umika-api] [           main] j.LocalContainerEntityManagerFactoryBean : Initialized JPA EntityManagerFactory for persistence unit 'default'
2026-06-25T07:27:47.370-04:00  INFO 73484 --- [umika-api] [           main] o.s.d.j.r.query.QueryEnhancerFactory     : Hibernate is in classpath; If applicable, HQL parser will be used.
2026-06-25T07:27:48.521-04:00  WARN 73484 --- [umika-api] [           main] .s.s.UserDetailsServiceAutoConfiguration : 

Using generated security password: 53a1f920-9435-425b-b907-ab9bdeab2d93

This generated password is for development use only. Your security configuration must be updated before running your application in production.

2026-06-25T07:27:48.525-04:00  INFO 73484 --- [umika-api] [           main] r$InitializeUserDetailsManagerConfigurer : Global AuthenticationManager configured with UserDetailsService bean with name inMemoryUserDetailsManager
2026-06-25T07:27:49.226-04:00  INFO 73484 --- [umika-api] [           main] o.s.b.a.e.web.EndpointLinksResolver      : Exposing 2 endpoints beneath base path '/actuator'
2026-06-25T07:27:49.946-04:00  INFO 73484 --- [umika-api] [           main] ca.umika.api.UmikaApiApplicationTests    : Started UmikaApiApplicationTests in 7.277 seconds (process running for 8.863)
]]></system-out>
    <system-err><![CDATA[WARNING: A Java agent has been loaded dynamically (/Users/chen/.m2/repository/net/bytebuddy/byte-buddy-agent/1.14.19/byte-buddy-agent-1.14.19.jar)
WARNING: If a serviceability tool is in use, please run with -XX:+EnableDynamicAgentLoading to hide this warning
WARNING: If a serviceability tool is not in use, please run with -Djdk.instrument.traceUsage for more information
WARNING: Dynamic loading of agents will be disallowed by default in a future release
]]></system-err>
  </testcase>
</testsuite>